WebSocket connected price_upd_ws for TRX
WebSocket connected account_upd_ws
WebSocket connected price_upd_ws for ADA
WebSocket connected price_upd_ws for XRP
WebSocket connected account_upd_ws
WebSocket connected price_upd_ws for ADA
WebSocket connected price_upd_ws for TRX
WebSocket connected price_upd_ws for XRP
WebSocket connected price_upd_ws for TRX
WebSocket connected account_upd_ws
WebSocket connected price_upd_ws for ADA
WebSocket connected price_upd_ws for XRP
2025-04-22 14:06:28,449 - my_app - INFO - WebSocket connected price_upd_ws for TRX
2025-04-22 14:06:28,956 - my_app - INFO - WebSocket connected account_upd_ws
2025-04-22 14:06:29,454 - my_app - INFO - WebSocket connected price_upd_ws for ADA
2025-04-22 14:06:30,439 - my_app - INFO - WebSocket connected price_upd_ws for XRP
2025-04-22 14:07:08,646 - my_app - INFO - WebSocket connected price_upd_ws for TRX
2025-04-22 14:07:09,469 - my_app - INFO - WebSocket connected account_upd_ws
2025-04-22 14:07:09,694 - my_app - INFO - WebSocket connected price_upd_ws for ADA
2025-04-22 14:07:10,674 - my_app - INFO - WebSocket connected price_upd_ws for XRP
2025-04-22 14:09:46,204 - my_app - INFO - WebSocket connected price_upd_ws for TRX
2025-04-22 14:09:46,920 - my_app - INFO - WebSocket connected price_upd_ws for ADA
2025-04-22 14:09:46,991 - my_app - INFO - WebSocket connected account_upd_ws
2025-04-22 14:09:47,945 - my_app - INFO - WebSocket connected price_upd_ws for XRP
2025-04-22 14:15:27,842 - my_app - INFO - WebSocket connected price_upd_ws for TRX
2025-04-22 14:15:28,381 - my_app - INFO - WebSocket connected account_upd_ws
2025-04-22 14:15:28,831 - my_app - INFO - WebSocket connected price_upd_ws for ADA
2025-04-22 14:15:30,123 - my_app - INFO - WebSocket connected price_upd_ws for XRP
